<?xml version="1.0" encoding="UTF-8"?>
<!-- Generated by org.testng.reporters.JUnitReportReporter -->
<testsuite hostname="DESKTOP-G2TDKN0" failures="0" tests="3" name="org.login.EdgeTestingClass" time="26.776" errors="0" timestamp="2023-09-20T11:29:33 IST" skipped="0">
  <testcase classname="org.login.EdgeTestingClass" name="initBrowser" time="19.427"/>
  <testcase classname="org.login.EdgeTestingClass" name="LoginData" time="4.217"/>
  <testcase classname="org.login.EdgeTestingClass" name="FindPhone" time="3.132"/>
</testsuite> <!-- org.login.EdgeTestingClass -->
